This is pdfTeX, Version 3.141592-1.40.4 (MiKTeX 2.6) (preloaded format=pdflatex 2015.9.8)  21 SEP 2015 16:16
entering extended mode
**C:/Users/space/Documents/GitHub/adpPres/adpPres.tex
(C:\Users\space\Documents\GitHub\adpPres\adpPres.tex
LaTeX2e <2005/12/01>
Babel <v3.8g> and hyphenation patterns for english, dumylang, nohyphenation, german, ngerman, french, loaded.
("F:\installed softwares\miktex 2.6\tex\latex\beamer\base\beamer.cls"
("F:\installed softwares\miktex 2.6\tex\latex\beamer\base\beamerbasercs.sty"
Package: beamerbasercs 2007/01/28 (rcs-revision 1.4)
)
Document Class: beamer 2007/03/11 cvs version 3.07 A class for typesetting presentations (rcs-revision 1.70)
("F:\installed softwares\miktex 2.6\tex\latex\beamer\base\beamerbasemodes.sty"
Package: beamerbasemodes 2007/01/28 (rcs-revision 1.22)
\beamer@tempbox=\box26
\beamer@tempcount=\count79
\c@beamerpauses=\count80

("F:\installed softwares\miktex 2.6\tex\latex\beamer\base\beamerbasedecode.sty"
Package: beamerbasedecode 2007/01/28 (rcs-revision 1.20)
\beamer@slideinframe=\count81
\beamer@minimum=\count82
)
\beamer@commentbox=\box27
\beamer@modecount=\count83
)
\headheight=\dimen102
\headdp=\dimen103
\footheight=\dimen104
\sidebarheight=\dimen105
\beamer@tempdim=\dimen106
\beamer@finalheight=\dimen107
\beamer@animht=\dimen108
\beamer@animdp=\dimen109
\beamer@animwd=\dimen110
\beamer@leftmargin=\dimen111
\beamer@rightmargin=\dimen112
\beamer@leftsidebar=\dimen113
\beamer@rightsidebar=\dimen114
\beamer@boxsize=\dimen115
\beamer@vboxoffset=\dimen116
\beamer@descdefault=\dimen117
\beamer@descriptionwidth=\dimen118
\beamer@lastskip=\skip41
\beamer@areabox=\box28
\beamer@animcurrent=\box29
\beamer@animshowbox=\box30
\beamer@sectionbox=\box31
\beamer@logobox=\box32
\beamer@linebox=\box33
\beamer@sectioncount=\count84
\beamer@subsubsectionmax=\count85
\beamer@subsectionmax=\count86
\beamer@sectionmax=\count87
\beamer@totalheads=\count88
\beamer@headcounter=\count89
\beamer@partstartpage=\count90
\beamer@sectionstartpage=\count91
\beamer@subsectionstartpage=\count92
\beamer@animationtempa=\count93
\beamer@animationtempb=\count94
\beamer@xpos=\count95
\beamer@ypos=\count96
\beamer@showpartnumber=\count97
\beamer@currentsubsection=\count98
\beamer@coveringdepth=\count99
\beamer@sectionadjust=\count100
\beamer@tocsectionnumber=\count101

("F:\installed softwares\miktex 2.6\tex\latex\beamer\base\beamerbaseoptions.sty"
Package: beamerbaseoptions 2007/01/28 (rcs-revision 1.8)

("F:\installed softwares\miktex 2.6\tex\latex\graphics\keyval.sty"
Package: keyval 1999/03/16 v1.13 key=value parser (DPC)
\KV@toks@=\toks14
))

Class beamer Warning: ``mathserif'' is obsolete. Use font theme ``serif'' with option ``onlymath'' on input line 300.

("F:\installed softwares\miktex 2.6\tex\latex\pgf\basiclayer\pgfcore.sty"
("F:\installed softwares\miktex 2.6\tex\latex\graphics\graphicx.sty"
Package: graphicx 1999/02/16 v1.0f Enhanced LaTeX Graphics (DPC,SPQR)

("F:\installed softwares\miktex 2.6\tex\latex\graphics\graphics.sty"
Package: graphics 2006/02/20 v1.0o Standard LaTeX Graphics (DPC,SPQR)

("F:\installed softwares\miktex 2.6\tex\latex\graphics\trig.sty"
Package: trig 1999/03/16 v1.09 sin cos tan (DPC)
)
("F:\installed softwares\miktex 2.6\tex\latex\00miktex\graphics.cfg"
File: graphics.cfg 2005/12/29 v1.2 MiKTeX 'graphics' configuration
)
Package graphics Info: Driver file: pdftex.def on input line 90.

("F:\installed softwares\miktex 2.6\tex\latex\graphics\pdftex.def"
File: pdftex.def 2007/04/17 v0.04g Graphics/color for pdfTeX
\Gread@gobject=\count102
))
\Gin@req@height=\dimen119
\Gin@req@width=\dimen120
)
("F:\installed softwares\miktex 2.6\tex\latex\pgf\systemlayer\pgfsys.sty"
("F:\installed softwares\miktex 2.6\tex\latex\pgf\utilities\pgfrcs.sty"
("F:\installed softwares\miktex 2.6\tex\generic\pgf\utilities\pgfutil-common.tex")
("F:\installed softwares\miktex 2.6\tex\generic\pgf\utilities\pgfutil-latex.def")
("F:\installed softwares\miktex 2.6\tex\generic\pgf\utilities\pgfrcs.code.tex"
Package: pgfrcs 2007/06/08 v1.18 (rcs-revision 1.16)
))
("F:\installed softwares\miktex 2.6\tex\generic\pgf\systemlayer\pgfsys.code.tex"
Package: pgfsys 2007/06/07 v1.18 (rcs-revision 1.24)
\pgf@x=\dimen121
\pgf@y=\dimen122
\pgf@xa=\dimen123
\pgf@ya=\dimen124
\pgf@xb=\dimen125
\pgf@yb=\dimen126
\pgf@xc=\dimen127
\pgf@yc=\dimen128
\c@pgf@counta=\count103
\c@pgf@countb=\count104
\c@pgf@countc=\count105
\c@pgf@countd=\count106

("F:\installed softwares\miktex 2.6\tex\generic\pgf\systemlayer\pgf.cfg"
File: pgf.cfg 2007/03/20  (rcs-revision 1.4)
)
Package pgfsys Info: Driver file for pgf: pgfsys-pdftex.def on input line 846.

("F:\installed softwares\miktex 2.6\tex\generic\pgf\systemlayer\pgfsys-pdftex.def"
File: pgfsys-pdftex.def 2007/06/07  (rcs-revision 1.15)

("F:\installed softwares\miktex 2.6\tex\generic\pgf\systemlayer\pgfsys-common-pdf.def"
File: pgfsys-common-pdf.def 2006/10/16  (rcs-revision 1.7)
)))
("F:\installed softwares\miktex 2.6\tex\generic\pgf\systemlayer\pgfsyssoftpath.code.tex"
File: pgfsyssoftpath.code.tex 2007/02/19  (rcs-revision 1.5)
)
("F:\installed softwares\miktex 2.6\tex\generic\pgf\systemlayer\pgfsysprotocol.code.tex"
File: pgfsysprotocol.code.tex 2006/10/16  (rcs-revision 1.4)
))
("F:\installed softwares\miktex 2.6\tex\latex\xcolor\xcolor.sty"
Package: xcolor 2007/01/21 v2.11 LaTeX color extensions (UK)

("F:\installed softwares\miktex 2.6\tex\latex\00miktex\color.cfg"
File: color.cfg 2005/12/29 v1.1 MiKTeX 'color' configuration
)
Package xcolor Info: Driver file: pdftex.def on input line 225.
Package xcolor Info: Model `cmy' substituted by `cmy0' on input line 1337.
Package xcolor Info: Model `hsb' substituted by `rgb' on input line 1341.
Package xcolor Info: Model `RGB' extended on input line 1353.
Package xcolor Info: Model `HTML' substituted by `rgb' on input line 1355.
Package xcolor Info: Model `Hsb' substituted by `hsb' on input line 1356.
Package xcolor Info: Model `tHsb' substituted by `hsb' on input line 1357.
Package xcolor Info: Model `HSB' substituted by `hsb' on input line 1358.
Package xcolor Info: Model `Gray' substituted by `gray' on input line 1359.
Package xcolor Info: Model `wave' substituted by `hsb' on input line 1360.
)
("F:\installed softwares\miktex 2.6\tex\generic\pgf\basiclayer\pgfcore.code.tex"
Package: pgfcore 2007/03/09 v1.18 (rcs-revision 1.5)

("F:\installed softwares\miktex 2.6\tex\generic\pgf\math\pgfmath.code.tex"
("F:\installed softwares\miktex 2.6\tex\generic\pgf\math\pgfmathcalc.code.tex"
("F:\installed softwares\miktex 2.6\tex\generic\pgf\math\pgfmathutil.code.tex")
("F:\installed softwares\miktex 2.6\tex\generic\pgf\math\pgfmathparser.code.tex"
\pgfmath@stack=\toks15
\c@pgfmath@parsecounta=\count107
\c@pgfmath@parsecountb=\count108
\c@pgfmath@parsecountc=\count109
\pgfmath@parsex=\dimen129
)
("F:\installed softwares\miktex 2.6\tex\generic\pgf\math\pgfmathoperations.code.tex"
("F:\installed softwares\miktex 2.6\tex\generic\pgf\math\pgfmathtrig.code.tex")
("F:\installed softwares\miktex 2.6\tex\generic\pgf\math\pgfmathrnd.code.tex"))
("F:\installed softwares\miktex 2.6\tex\generic\pgf\math\pgfmathbase.code.tex")))
("F:\installed softwares\miktex 2.6\tex\generic\pgf\basiclayer\pgfcorepoints.code.tex"
File: pgfcorepoints.code.tex 2007/04/19  (rcs-revision 1.9)
\pgf@picminx=\dimen130
\pgf@picmaxx=\dimen131
\pgf@picminy=\dimen132
\pgf@picmaxy=\dimen133
\pgf@pathminx=\dimen134
\pgf@pathmaxx=\dimen135
\pgf@pathminy=\dimen136
\pgf@pathmaxy=\dimen137
\pgf@xx=\dimen138
\pgf@xy=\dimen139
\pgf@yx=\dimen140
\pgf@yy=\dimen141
\pgf@zx=\dimen142
\pgf@zy=\dimen143
)
("F:\installed softwares\miktex 2.6\tex\generic\pgf\basiclayer\pgfcorepathconstruct.code.tex"
File: pgfcorepathconstruct.code.tex 2007/06/07  (rcs-revision 1.9)
\pgf@path@lastx=\dimen144
\pgf@path@lasty=\dimen145
)
("F:\installed softwares\miktex 2.6\tex\generic\pgf\basiclayer\pgfcorepathusage.code.tex"
File: pgfcorepathusage.code.tex 2007/03/09  (rcs-revision 1.8)
\pgf@shorten@end@additional=\dimen146
\pgf@shorten@start@additional=\dimen147
)
("F:\installed softwares\miktex 2.6\tex\generic\pgf\basiclayer\pgfcorescopes.code.tex"
File: pgfcorescopes.code.tex 2007/06/07  (rcs-revision 1.24)
\pgfpic=\box34
\pgf@hbox=\box35
\pgf@layerbox@main=\box36
\pgf@picture@serial@count=\count110
)
("F:\installed softwares\miktex 2.6\tex\generic\pgf\basiclayer\pgfcoregraphicstate.code.tex"
File: pgfcoregraphicstate.code.tex 2007/03/09  (rcs-revision 1.7)
\pgflinewidth=\dimen148
)
("F:\installed softwares\miktex 2.6\tex\generic\pgf\basiclayer\pgfcoretransformations.code.tex"
File: pgfcoretransformations.code.tex 2007/06/07  (rcs-revision 1.6)
\pgf@pt@x=\dimen149
\pgf@pt@y=\dimen150
\pgf@pt@temp=\dimen151
)
("F:\installed softwares\miktex 2.6\tex\generic\pgf\basiclayer\pgfcorequick.code.tex"
File: pgfcorequick.code.tex 2006/10/11  (rcs-revision 1.2)
)
("F:\installed softwares\miktex 2.6\tex\generic\pgf\basiclayer\pgfcoreobjects.code.tex"
File: pgfcoreobjects.code.tex 2006/10/11  (rcs-revision 1.2)
)
("F:\installed softwares\miktex 2.6\tex\generic\pgf\basiclayer\pgfcorepathprocessing.code.tex"
File: pgfcorepathprocessing.code.tex 2007/03/09  (rcs-revision 1.6)
)
("F:\installed softwares\miktex 2.6\tex\generic\pgf\basiclayer\pgfcorearrows.code.tex"
File: pgfcorearrows.code.tex 2007/06/07  (rcs-revision 1.8)
)
("F:\installed softwares\miktex 2.6\tex\generic\pgf\basiclayer\pgfcoreshade.code.tex"
File: pgfcoreshade.code.tex 2007/03/09  (rcs-revision 1.8)
\pgf@max=\dimen152
\pgf@sys@shading@range@num=\count111
)))
("F:\installed softwares\miktex 2.6\tex\latex\pgf\basiclayer\pgfbaseimage.sty"
("F:\installed softwares\miktex 2.6\tex\generic\pgf\basiclayer\pgfbaseimage.code.tex"
Package: pgfbaseimage 2007/05/31 v1.18 (rcs-revision 1.7)
\pgfexternal@startupbox=\box37
))
("F:\installed softwares\miktex 2.6\tex\latex\pgf\utilities\xxcolor.sty"
Package: xxcolor 2003/10/24 ver 0.1
\XC@nummixins=\count112
\XC@countmixins=\count113
)
("F:\installed softwares\miktex 2.6\tex\latex\amsfonts\amssymb.sty"
Package: amssymb 2002/01/22 v2.2d

("F:\installed softwares\miktex 2.6\tex\latex\amsfonts\amsfonts.sty"
Package: amsfonts 2001/10/25 v2.2f
\@emptytoks=\toks16
\symAMSa=\mathgroup4
\symAMSb=\mathgroup5
LaTeX Font Info:    Overwriting math alphabet `\mathfrak' in version `bold'
(Font)                  U/euf/m/n --> U/euf/b/n on input line 132.
))
("F:\installed softwares\miktex 2.6\tex\latex\geometry\geometry.sty"
Package: geometry 2002/07/08 v3.2 Page Geometry
\Gm@cnth=\count114
\Gm@cntv=\count115
\c@Gm@tempcnt=\count116
\Gm@bindingoffset=\dimen153
\Gm@wd@mp=\dimen154
\Gm@odd@mp=\dimen155
\Gm@even@mp=\dimen156
\Gm@dimlist=\toks17

("F:\installed softwares\miktex 2.6\tex\latex\geometry\geometry.cfg"))
("F:\installed softwares\miktex 2.6\tex\latex\hyperref\hyperref.sty"
Package: hyperref 2007/06/14 v6.76i Hypertext links for LaTeX

("F:\installed softwares\miktex 2.6\tex\latex\oberdiek\hycolor.sty"
Package: hycolor 2007/04/11 v1.1 Code for color options of hyperref/bookmark (HO)
)
\@linkdim=\dimen157
\Hy@linkcounter=\count117
\Hy@pagecounter=\count118

("F:\installed softwares\miktex 2.6\tex\latex\hyperref\pd1enc.def"
File: pd1enc.def 2007/06/14 v6.76i Hyperref: PDFDocEncoding definition (HO)
)
("F:\installed softwares\miktex 2.6\tex\generic\oberdiek\etexcmds.sty"
Package: etexcmds 2007/05/06 v1.0 Providing prefix for e-TeX command names (HO)

("F:\installed softwares\miktex 2.6\tex\generic\oberdiek\infwarerr.sty"
Package: infwarerr 2007/06/14 v1.1 Providing info/warning/message (HO)
))
("F:\installed softwares\miktex 2.6\tex\latex\00miktex\hyperref.cfg"
File: hyperref.cfg 2006/02/14 v1.1 MiKTeX 'hyperref' configuration
)
("F:\installed softwares\miktex 2.6\tex\latex\oberdiek\kvoptions.sty"
Package: kvoptions 2007/06/11 v2.7 Connects package keyval with LaTeX options (HO)
)
Package hyperref Info: Option `bookmarks' set `true' on input line 2537.
Package hyperref Info: Option `bookmarksopen' set `true' on input line 2537.
Package hyperref Info: Option `implicit' set `false' on input line 2537.
Package hyperref Info: Hyper figures OFF on input line 2571.
Package hyperref Info: Link nesting OFF on input line 2576.
Package hyperref Info: Hyper index ON on input line 2579.
Package hyperref Info: Plain pages OFF on input line 2586.
Package hyperref Info: Backreferencing OFF on input line 2591.

Implicit mode OFF; no redefinition of LaTeX internals
Package hyperref Info: Bookmarks ON on input line 2741.
("F:\installed softwares\miktex 2.6\tex\latex\ltxmisc\url.sty"
\Urlmuskip=\muskip10
Package: url 2005/06/27  ver 3.2  Verb mode for urls, etc.
)
LaTeX Info: Redefining \url on input line 2909.
\Fld@menulength=\count119
\Field@Width=\dimen158
\Fld@charsize=\dimen159
\Choice@toks=\toks18
\Field@toks=\toks19
Package hyperref Info: Hyper figures OFF on input line 3393.
Package hyperref Info: Link nesting OFF on input line 3398.
Package hyperref Info: Hyper index ON on input line 3401.
Package hyperref Info: backreferencing OFF on input line 3408.
Package hyperref Info: Link coloring OFF on input line 3413.


Package hyperref Warning: Option `pdfpagelabels' is turned off
(hyperref)                because \thepage is undefined.

Hyperref stopped early
)
*hyperref using default driver hpdftex*
("F:\installed softwares\miktex 2.6\tex\latex\hyperref\hpdftex.def"
File: hpdftex.def 2007/06/14 v6.76i Hyperref driver for pdfTeX
\Fld@listcount=\count120
)
("F:\installed softwares\miktex 2.6\tex\latex\base\size11.clo"
File: size11.clo 2005/09/16 v1.4f Standard LaTeX file (size option)
)
("F:\installed softwares\miktex 2.6\tex\latex\beamer\base\beamerbasecompatibility.sty"
Package: beamerbasecompatibility 2007/01/28  (rcs-revision 1.63)
)
("F:\installed softwares\miktex 2.6\tex\latex\beamer\base\beamerbasefont.sty"
Package: beamerbasefont 2007/01/28  (rcs-revision 1.16)
)
("F:\installed softwares\miktex 2.6\tex\latex\beamer\base\beamerbasemisc.sty"
Package: beamerbasemisc 2007/01/28  (rcs-revision 1.24)
)
("F:\installed softwares\miktex 2.6\tex\latex\beamer\base\beamerbasetwoscreens.sty"
Package: beamerbasetwoscreens 2007/01/28  (rcs-revision 1.7)
)
("F:\installed softwares\miktex 2.6\tex\latex\beamer\base\beamerbaseoverlay.sty"
Package: beamerbaseoverlay 2007/01/28  (rcs-revision 1.50)
\beamer@argscount=\count121
\beamer@lastskipcover=\skip42
\beamer@trivlistdepth=\count122
)
("F:\installed softwares\miktex 2.6\tex\latex\beamer\base\beamerbasetitle.sty"
Package: beamerbasetitle 2007/01/28  (rcs-revision 1.25)
)
("F:\installed softwares\miktex 2.6\tex\latex\beamer\base\beamerbasesection.sty"
Package: beamerbasesection 2007/01/28  (rcs-revision 1.21)
\c@lecture=\count123
\c@part=\count124
\c@section=\count125
\c@subsection=\count126
\c@subsubsection=\count127
)
("F:\installed softwares\miktex 2.6\tex\latex\beamer\base\beamerbaseframe.sty"
Package: beamerbaseframe 2007/01/28  (rcs-revision 1.60)
\beamer@framebox=\box38
\beamer@frametitlebox=\box39
\beamer@zoombox=\box40
\beamer@zoomcount=\count128
\beamer@zoomframecount=\count129
\beamer@frametextheight=\dimen160
\c@subsectionslide=\count130
\beamer@frametopskip=\skip43
\beamer@framebottomskip=\skip44
\beamer@frametopskipautobreak=\skip45
\beamer@framebottomskipautobreak=\skip46
\beamer@envbody=\toks20
\c@framenumber=\count131
)
("F:\installed softwares\miktex 2.6\tex\latex\beamer\base\beamerbaseverbatim.sty"
Package: beamerbaseverbatim 2007/01/28  (rcs-revision 1.8)
\beamer@verbatimfileout=\write3
)
("F:\installed softwares\miktex 2.6\tex\latex\beamer\base\beamerbaseframesize.sty"
Package: beamerbaseframesize 2007/01/28  (rcs-revision 1.18)
\beamer@splitbox=\box41
\beamer@autobreakcount=\count132
\beamer@autobreaklastheight=\dimen161
\beamer@frametitletoks=\toks21
\beamer@framesubtitletoks=\toks22
)
("F:\installed softwares\miktex 2.6\tex\latex\beamer\base\beamerbaseframecomponents.sty"
Package: beamerbaseframecomponents 2007/01/28  (rcs-revision 1.41)
\beamer@footins=\box42
)
("F:\installed softwares\miktex 2.6\tex\latex\beamer\base\beamerbasecolor.sty"
Package: beamerbasecolor 2007/01/28  (rcs-revision 1.42)
)
("F:\installed softwares\miktex 2.6\tex\latex\beamer\base\beamerbasenotes.sty"
Package: beamerbasenotes 2007/01/28  (rcs-revision 1.23)
\beamer@frameboxcopy=\box43
)
("F:\installed softwares\miktex 2.6\tex\latex\beamer\base\beamerbasetoc.sty"
Package: beamerbasetoc 2007/01/28  (rcs-revision 1.21)
)
("F:\installed softwares\miktex 2.6\tex\latex\beamer\base\beamerbasetemplates.sty"
Package: beamerbasetemplates 2007/01/28  (rcs-revision 1.51)
\beamer@sbttoks=\toks23

("F:\installed softwares\miktex 2.6\tex\latex\beamer\base\beamerbaseauxtemplates.sty"
Package: beamerbaseauxtemplates 2007/01/28  (rcs-revision 1.28)

("F:\installed softwares\miktex 2.6\tex\latex\beamer\base\beamerbaseboxes.sty"
Package: beamerbaseboxes 2007/03/11  (rcs-revision 1.32)
\bmb@box=\box44
\bmb@colorbox=\box45
\bmb@boxshadow=\box46
\bmb@boxshadowball=\box47
\bmb@boxshadowballlarge=\box48
\bmb@temp=\dimen162
\bmb@dima=\dimen163
\bmb@dimb=\dimen164
\bmb@prevheight=\dimen165
)
\beamer@blockheadheight=\dimen166
))
("F:\installed softwares\miktex 2.6\tex\latex\beamer\base\beamerbaselocalstructure.sty"
Package: beamerbaselocalstructure 2007/01/28  (rcs-revision 1.53)

("F:\installed softwares\miktex 2.6\tex\latex\tools\enumerate.sty"
Package: enumerate 1999/03/05 v3.00 enumerate extensions (DPC)
\@enLab=\toks24
)
\c@figure=\count133
\c@table=\count134
\abovecaptionskip=\skip47
\belowcaptionskip=\skip48
)
("F:\installed softwares\miktex 2.6\tex\latex\beamer\base\beamerbasenavigation.sty"
Package: beamerbasenavigation 2007/01/28  (rcs-revision 1.36)
)
("F:\installed softwares\miktex 2.6\tex\latex\beamer\base\beamerbasetheorems.sty"
Package: beamerbasetheorems 2007/01/28  (rcs-revision 1.10)

("F:\installed softwares\miktex 2.6\tex\latex\amsmath\amsmath.sty"
Package: amsmath 2000/07/18 v2.13 AMS math features
\@mathmargin=\skip49

For additional information on amsmath, use the `?' option.
("F:\installed softwares\miktex 2.6\tex\latex\amsmath\amstext.sty"
Package: amstext 2000/06/29 v2.01

("F:\installed softwares\miktex 2.6\tex\latex\amsmath\amsgen.sty"
File: amsgen.sty 1999/11/30 v2.0
\@emptytoks=\toks25
\ex@=\dimen167
))
("F:\installed softwares\miktex 2.6\tex\latex\amsmath\amsbsy.sty"
Package: amsbsy 1999/11/29 v1.2d
\pmbraise@=\dimen168
)
("F:\installed softwares\miktex 2.6\tex\latex\amsmath\amsopn.sty"
Package: amsopn 1999/12/14 v2.01 operator names
)
\inf@bad=\count135
LaTeX Info: Redefining \frac on input line 211.
\uproot@=\count136
\leftroot@=\count137
LaTeX Info: Redefining \overline on input line 307.
\classnum@=\count138
\DOTSCASE@=\count139
LaTeX Info: Redefining \ldots on input line 379.
LaTeX Info: Redefining \dots on input line 382.
LaTeX Info: Redefining \cdots on input line 467.
\Mathstrutbox@=\box49
\strutbox@=\box50
\big@size=\dimen169
LaTeX Font Info:    Redeclaring font encoding OML on input line 567.
LaTeX Font Info:    Redeclaring font encoding OMS on input line 568.
\macc@depth=\count140
\c@MaxMatrixCols=\count141
\dotsspace@=\muskip11
\c@parentequation=\count142
\dspbrk@lvl=\count143
\tag@help=\toks26
\row@=\count144
\column@=\count145
\maxfields@=\count146
\andhelp@=\toks27
\eqnshift@=\dimen170
\alignsep@=\dimen171
\tagshift@=\dimen172
\tagwidth@=\dimen173
\totwidth@=\dimen174
\lineht@=\dimen175
\@envbody=\toks28
\multlinegap=\skip50
\multlinetaggap=\skip51
\mathdisplay@stack=\toks29
LaTeX Info: Redefining \[ on input line 2666.
LaTeX Info: Redefining \] on input line 2667.
)
("F:\installed softwares\miktex 2.6\tex\latex\amscls\amsthm.sty"
Package: amsthm 2004/08/06 v2.20
\thm@style=\toks30
\thm@bodyfont=\toks31
\thm@headfont=\toks32
\thm@notefont=\toks33
\thm@headpunct=\toks34
\thm@preskip=\skip52
\thm@postskip=\skip53
\thm@headsep=\skip54
\dth@everypar=\toks35
)
\c@theorem=\count147
)
("F:\installed softwares\miktex 2.6\tex\latex\beamer\base\beamerbasethemes.sty"
Package: beamerbasethemes 2007/01/28  (rcs-revision 1.10)
)
("F:\installed softwares\miktex 2.6\tex\latex\beamer\themes\theme\beamerthemedefault.sty"
Package: beamerthemedefault 2007/01/28  (rcs-revision 1.7)

("F:\installed softwares\miktex 2.6\tex\latex\beamer\themes\font\beamerfontthemedefault.sty"
Package: beamerfontthemedefault 2007/01/28  (rcs-revision 1.13)
)
("F:\installed softwares\miktex 2.6\tex\latex\beamer\themes\color\beamercolorthemedefault.sty"
Package: beamercolorthemedefault 2007/01/28  (rcs-revision 1.28)
)
("F:\installed softwares\miktex 2.6\tex\latex\beamer\themes\inner\beamerinnerthemedefault.sty"
Package: beamerinnerthemedefault 2007/01/28  (rcs-revision 1.20)
\beamer@dima=\dimen176
\beamer@dimb=\dimen177
)
("F:\installed softwares\miktex 2.6\tex\latex\beamer\themes\outer\beamerouterthemedefault.sty"
Package: beamerouterthemedefault 2007/01/28  (rcs-revision 1.14)
)))
("F:\installed softwares\miktex 2.6\tex\latex\fancybox\fancybox.sty"
Package: fancybox 2000/09/19 1.3

Style option: `fancybox' v1.3 <2000/09/19> (tvz)
\@fancybox=\box51
\shadowsize=\dimen178
\@Sbox=\box52
\do@VerbBox=\toks36
\the@fancyput=\toks37
\this@fancyput=\toks38
\EndVerbatimTokens=\toks39
\Verbatim@Outfile=\write4
\Verbatim@Infile=\read1
) ("F:\installed softwares\miktex 2.6\tex\latex\subfigure\subfigure.sty"
Package: subfigure 2002/07/30 v2.1.4 subfigure package
\subfigtopskip=\skip55
\subfigcapskip=\skip56
\subfigcaptopadj=\dimen179
\subfigbottomskip=\skip57
\subfigcapmargin=\dimen180
\subfiglabelskip=\skip58
\c@subfigure=\count148
\c@lofdepth=\count149
\c@subtable=\count150
\c@lotdepth=\count151

****************************************
* Local config file subfigure.cfg used *
****************************************
("F:\installed softwares\miktex 2.6\tex\latex\subfigure\subfigure.cfg")
\subfig@top=\skip59
\subfig@bottom=\skip60
)
("F:\installed softwares\miktex 2.6\tex\generic\babel\babel.sty"
Package: babel 2005/05/21 v3.8g The Babel package

*************************************
* Local config file bblopts.cfg used
*
("F:\installed softwares\miktex 2.6\tex\latex\00miktex\bblopts.cfg"
File: bblopts.cfg 2006/07/31 v1.0 MiKTeX 'babel' configuration
)
("F:\installed softwares\miktex 2.6\tex\generic\babel\english.ldf"
Language: english 2005/03/30 v3.3o English support from the babel system

("F:\installed softwares\miktex 2.6\tex\generic\babel\babel.def"
File: babel.def 2005/05/21 v3.8g Babel common definitions
LaTeX Info: Redefining \textlatin on input line 82.
\babel@savecnt=\count152
\U@D=\dimen181
)
\l@british = a dialect from \language\l@english 
\l@UKenglish = a dialect from \language\l@english 
\l@canadian = a dialect from \language\l@american 
\l@australian = a dialect from \language\l@british 
\l@newzealand = a dialect from \language\l@british 
))
("F:\installed softwares\miktex 2.6\tex\latex\multirow\multirow.sty"
\bigstrutjot=\dimen182
)
("F:\installed softwares\miktex 2.6\tex\latex\tools\verbatim.sty"
Package: verbatim 2003/08/22 v1.5q LaTeX2e package for verbatim enhancements
\every@verbatim=\toks40
\verbatim@line=\toks41
\verbatim@in@stream=\read2
)
("F:\installed softwares\miktex 2.6\tex\latex\graphics\epsfig.sty"
Package: epsfig 1999/02/16 v1.7a (e)psfig emulation (SPQR)
\epsfxsize=\dimen183
\epsfysize=\dimen184
)
("F:\installed softwares\miktex 2.6\tex\latex\psnfss\helvet.sty"
Package: helvet 2005/04/12 PSNFSS-v9.2a (WaS) 
)
("F:\installed softwares\miktex 2.6\tex\latex\wrapfig\wrapfig.sty"
\wrapoverhang=\dimen185
\WF@size=\dimen186
\c@WF@wrappedlines=\count153
\WF@box=\box53
\WF@everypar=\toks42
Package: wrapfig 2003/01/31  v 3.6
)
("F:\installed softwares\miktex 2.6\tex\latex\mathdesign\mathdesign.sty"
Package: mathdesign 2006/01/29 v1.55 Math Design Project

("F:\installed softwares\miktex 2.6\tex\latex\base\ifthen.sty"
Package: ifthen 2001/05/26 v1.1c Standard LaTeX ifthen package (DPC)
)
("F:\installed softwares\miktex 2.6\tex\latex\mathdesign\mdbch\mdbch.cfg")
("F:\installed softwares\miktex 2.6\tex\latex\mathdesign\mdbch\mdbch.sty"
Package: mdbch 2006/01/29 v1.55 bitstream charter + mdbch (Math Design Project)

("F:\installed softwares\miktex 2.6\tex\latex\mathdesign\mdfont.def"
File: mdfont.def 2006/01/29 v1.55 (Math Design Project)
)
("F:\installed softwares\miktex 2.6\tex\latex\mathdesign\mdsffont.def"
File: mdsffont.def 2006/01/29 v1.55 (Math Design Project)
)
("F:\installed softwares\miktex 2.6\tex\latex\mathdesign\mdttfont.def"
File: mdttfont.def 2006/01/29 v1.55 (Math Design Project)
)
\symmdcal=\mathgroup6
LaTeX Font Info:    Overwriting symbol font `mdcal' in version `bold'
(Font)                  OMS/mdbch/m/n --> OMS/mdbch/b/n on input line 89.
\symmdscr=\mathgroup7
LaTeX Font Info:    Overwriting symbol font `mdscr' in version `bold'
(Font)                  OMS/mdbch/m/n --> OMS/mdbch/b/n on input line 95.
LaTeX Font Info:    Redeclaring math alphabet \mathfrak on input line 101.
LaTeX Font Info:    Overwriting math alphabet `\mathfrak' in version `normal'
(Font)                  U/euf/m/n --> U/xmdeuf/m/n on input line 101.
LaTeX Font Info:    Overwriting math alphabet `\mathfrak' in version `bold'
(Font)                  U/euf/b/n --> U/xmdeuf/m/n on input line 101.
LaTeX Font Info:    Overwriting math alphabet `\mathfrak' in version `bold'
(Font)                  U/xmdeuf/m/n --> U/xmdeuf/b/n on input line 102.
LaTeX Info: Redefining \frak on input line 103.
LaTeX Font Info:    Try loading font information for OT1+mdbch on input line 111.

("F:\installed softwares\miktex 2.6\tex\latex\mathdesign\mdbch\ot1mdbch.fd"
File: ot1mdbch.fd 2006/01/28 Fontinst v1.928 font definitions for OT1/mdbch.
)
LaTeX Font Info:    Font shape `OT1/mdbch/m/n' will be
(Font)              scaled to size 10.51207pt on input line 111.
LaTeX Font Info:    Overwriting symbol font `operators' in version `normal'
(Font)                  OT1/cmr/m/n --> OT1/mdbch/m/n on input line 114.
LaTeX Font Info:    Overwriting symbol font `letters' in version `normal'
(Font)                  OML/cmm/m/it --> OML/mdbch/m/it on input line 115.
LaTeX Font Info:    Overwriting symbol font `symbols' in version `normal'
(Font)                  OMS/cmsy/m/n --> OMS/mdbch/m/n on input line 116.
LaTeX Font Info:    Overwriting symbol font `largesymbols' in version `normal'
(Font)                  OMX/cmex/m/n --> OMX/mdbch/m/n on input line 117.
LaTeX Font Info:    Overwriting symbol font `operators' in version `bold'
(Font)                  OT1/cmr/bx/n --> OT1/mdbch/b/n on input line 119.
LaTeX Font Info:    Overwriting symbol font `letters' in version `bold'
(Font)                  OML/cmm/b/it --> OML/mdbch/b/it on input line 120.
LaTeX Font Info:    Overwriting symbol font `symbols' in version `bold'
(Font)                  OMS/cmsy/b/n --> OMS/mdbch/b/n on input line 121.
LaTeX Font Info:    Overwriting symbol font `largesymbols' in version `bold'
(Font)                  OMX/cmex/m/n --> OMX/mdbch/b/n on input line 122.
LaTeX Font Info:    Overwriting math alphabet `\mathrm' in version `normal'
(Font)                  OT1/mdbch/m/n --> OT1/mdbch/m/n on input line 124.
LaTeX Font Info:    Overwriting math alphabet `\mathbf' in version `normal'
(Font)                  OT1/cmr/bx/n --> OT1/mdbch/b/n on input line 125.
LaTeX Font Info:    Overwriting math alphabet `\mathit' in version `normal'
(Font)                  OT1/cmr/m/it --> OT1/mdbch/m/it on input line 126.
LaTeX Font Info:    Overwriting math alphabet `\mathsf' in version `normal'
(Font)                  OT1/cmss/m/n --> OT1/phv/m/n on input line 127.
LaTeX Font Info:    Overwriting math alphabet `\mathtt' in version `normal'
(Font)                  OT1/cmtt/m/n --> OT1/cmtt/m/n on input line 128.
LaTeX Font Info:    Overwriting math alphabet `\mathcal' in version `normal'
(Font)                  OMS/mdbch/m/n --> OMS/mdbch/m/n on input line 132.
LaTeX Font Info:    Overwriting math alphabet `\mathrm' in version `bold'
(Font)                  OT1/mdbch/b/n --> OT1/mdbch/b/n on input line 137.
LaTeX Font Info:    Overwriting math alphabet `\mathbf' in version `bold'
(Font)                  OT1/cmr/bx/n --> OT1/mdbch/b/n on input line 138.
LaTeX Font Info:    Overwriting math alphabet `\mathit' in version `bold'
(Font)                  OT1/cmr/bx/it --> OT1/mdbch/b/it on input line 139.
LaTeX Font Info:    Overwriting math alphabet `\mathsf' in version `bold'
(Font)                  OT1/cmss/bx/n --> OT1/phv/b/n on input line 140.
LaTeX Font Info:    Overwriting math alphabet `\mathtt' in version `bold'
(Font)                  OT1/cmtt/m/n --> OT1/cmtt/b/n on input line 141.
LaTeX Font Info:    Redeclaring math accent \widetilde on input line 153.
LaTeX Font Info:    Redeclaring math accent \widehat on input line 154.
\symlettersupright=\mathgroup8
LaTeX Font Info:    Overwriting symbol font `lettersupright' in version `bold'
(Font)                  OML/mdbch/m/n --> OML/mdbch/b/n on input line 190.
LaTeX Font Info:    Redeclaring math alphabet \mathrm on input line 193.
\symmathdesignA=\mathgroup9
LaTeX Font Info:    Overwriting symbol font `mathdesignA' in version `bold'
(Font)                  MDA/mdbch/m/n --> MDA/mdbch/b/n on input line 382.
LaTeX Font Info:    Overwriting encoding scheme math defaults on input line 387.
LaTeX Info: Redefining \bold on input line 399.
LaTeX Font Info:    Redeclaring math accent \widetilde on input line 421.
LaTeX Font Info:    Redeclaring math accent \widehat on input line 422.
\symmathdesignB=\mathgroup10
LaTeX Font Info:    Overwriting symbol font `mathdesignB' in version `bold'
(Font)                  MDB/mdbch/m/n --> MDB/mdbch/b/n on input line 685.
)
("F:\installed softwares\miktex 2.6\tex\latex\base\fontenc.sty"
Package: fontenc 2005/09/27 v1.99g Standard LaTeX package

("F:\installed softwares\miktex 2.6\tex\latex\base\t1enc.def"
File: t1enc.def 2005/09/27 v1.99g Standard LaTeX file
LaTeX Font Info:    Redeclaring font encoding T1 on input line 43.
)
LaTeX Font Info:    Try loading font information for T1+mdbch on input line 100.

("F:\installed softwares\miktex 2.6\tex\latex\mathdesign\mdbch\t1mdbch.fd"
File: t1mdbch.fd 2006/01/28 Fontinst v1.928 font definitions for T1/mdbch.
)
LaTeX Font Info:    Font shape `T1/mdbch/m/n' will be
(Font)              scaled to size 10.51207pt on input line 100.
))
("F:\installed softwares\miktex 2.6\tex\latex\base\fontenc.sty"
Package: fontenc 2005/09/27 v1.99g Standard LaTeX package

("F:\installed softwares\miktex 2.6\tex\latex\base\t1enc.def"
File: t1enc.def 2005/09/27 v1.99g Standard LaTeX file
LaTeX Font Info:    Redeclaring font encoding T1 on input line 43.
))
("F:\installed softwares\miktex 2.6\tex\latex\beamer\themes\font\beamerfontthemeserif.sty"
Package: beamerfontthemeserif 2007/01/28  (rcs-revision 1.4)
)
("F:\installed softwares\miktex 2.6\tex\latex\beamer\themes\theme\beamerthemeBoadilla.sty"
Package: beamerthemeBoadilla 2007/01/28  (rcs-revision 1.2)

("F:\installed softwares\miktex 2.6\tex\latex\beamer\themes\color\beamercolorthemerose.sty"
Package: beamercolorthemerose 2007/01/28  (rcs-revision 1.3)
)
("F:\installed softwares\miktex 2.6\tex\latex\beamer\themes\inner\beamerinnerthemerounded.sty"
Package: beamerinnerthemerounded 2007/01/28  (rcs-revision 1.5)
)
("F:\installed softwares\miktex 2.6\tex\latex\beamer\themes\color\beamercolorthemedolphin.sty"
Package: beamercolorthemedolphin 2007/01/28  (rcs-revision 1.2)
)
("F:\installed softwares\miktex 2.6\tex\latex\beamer\themes\outer\beamerouterthemeinfolines.sty"
Package: beamerouterthemeinfolines 2007/01/28  (rcs-revision 1.9)
))
("F:\installed softwares\miktex 2.6\tex\generic\xypic\xy.sty"
("F:\installed softwares\miktex 2.6\tex\generic\xypic\xy.tex" Bootstrap'ing: catcodes, docmode,
("F:\installed softwares\miktex 2.6\tex\generic\xypic\xyrecat.tex")
("F:\installed softwares\miktex 2.6\tex\generic\xypic\xyidioms.tex")

 Xy-pic version 3.7 <1999/02/16>
 Copyright (c) 1991-1998 by Kristoffer H. Rose <krisrose@ens-lyon.fr>
 Xy-pic is free software: see the User's Guide for details.

Loading kernel: messages; fonts; allocations: state,
\X@c=\dimen187
\Y@c=\dimen188
\U@c=\dimen189
\D@c=\dimen190
\L@c=\dimen191
\R@c=\dimen192
\Edge@c=\toks43
\X@p=\dimen193
\Y@p=\dimen194
\U@p=\dimen195
\D@p=\dimen196
\L@p=\dimen197
\R@p=\dimen198
\Edge@p=\toks44
\X@origin=\dimen199
\Y@origin=\dimen200
\X@xbase=\dimen201
\Y@xbase=\dimen202
\X@ybase=\dimen203
\Y@ybase=\dimen204
\X@min=\dimen205
\Y@min=\dimen206
\X@max=\dimen207
\Y@max=\dimen208
\lastobjectbox@=\box54
\zerodotbox@=\box55
\almostz@=\dimen209
 direction,
\d@X=\dimen210
\d@Y=\dimen211
\K@=\count154
\KK@=\count155
\Direction=\count156
\K@dXdY=\dimen212
\K@dYdX=\dimen213
\xyread@=\read3
\xywrite@=\write5
\csp@=\count157
\quotPTK@=\dimen214
 utility macros; pictures: \xy, positions,
\swaptoks@@=\toks45
\connectobjectbox@@=\box56
 objects,
\styletoks@=\toks46

decorations; kernel objects: directionals, circles, text; options; algorithms: directions, edges, connections;
 Xy-pic loaded)
Package: xy 1999/02/16 Xy-pic version 3.7
 ("F:\installed softwares\miktex 2.6\tex\generic\xypic\xyall.tex"  Xy-pic option: All features v.3.3
("F:\installed softwares\miktex 2.6\tex\generic\xypic\xycurve.tex"  Xy-pic option: Curve and Spline extension v.3.7
curve,
\crv@cnt@=\count158
\crvpts@=\toks47
\splinebox@=\box57
\splineval@=\dimen215
\splinedepth@=\dimen216
\splinetol@=\dimen217
\splinelength@=\dimen218
 circles,
\L@=\dimen219
 loaded) ("F:\installed softwares\miktex 2.6\tex\generic\xypic\xyframe.tex"
 Xy-pic option: Frame and Bracket extension v.3.7 loaded)
("F:\installed softwares\miktex 2.6\tex\generic\xypic\xycmtip.tex"  Xy-pic option: Computer Modern tip extension v.3.3
("F:\installed softwares\miktex 2.6\tex\generic\xypic\xytips.tex"  Xy-pic option: More Tips extension v.3.3 loaded)
loaded) ("F:\installed softwares\miktex 2.6\tex\generic\xypic\xyline.tex"  Xy-pic option: Line styles extension v.3.6
\xylinethick@=\dimen220

loaded) ("F:\installed softwares\miktex 2.6\tex\generic\xypic\xyrotate.tex"
 Xy-pic option: Rotate and Scale extension v.3.3 loaded)
("F:\installed softwares\miktex 2.6\tex\generic\xypic\xycolor.tex"  Xy-pic option: Colour extension v.3.3 loaded)
("F:\installed softwares\miktex 2.6\tex\generic\xypic\xymatrix.tex"  Xy-pic option: Matrix feature v.3.4
\Row=\count159
\Col=\count160
\queue@=\toks48
\queue@@=\toks49
\qcount@=\count161
\qcount@@=\count162
\matrixsize@=\count163
 loaded)
("F:\installed softwares\miktex 2.6\tex\generic\xypic\xyarrow.tex"  Xy-pic option: Arrow and Path feature v.3.5 path,
\ar, loaded) ("F:\installed softwares\miktex 2.6\tex\generic\xypic\xygraph.tex"  Xy-pic option: Graph feature v.3.7
loaded) loaded)) ("F:\installed softwares\miktex 2.6\tex\latex\base\inputenc.sty"
Package: inputenc 2006/05/05 v1.1b Input encoding file
\inpenc@prehook=\toks50
\inpenc@posthook=\toks51

("F:\installed softwares\miktex 2.6\tex\latex\base\utf8.def"
File: utf8.def 2006/03/30 v1.1i UTF-8 support for inputenc
Now handling font encoding OML ...
... no UTF-8 mapping file for font encoding OML
Now handling font encoding T1 ...
... processing UTF-8 mapping file for font encodingT1
 ("F:\installed softwares\miktex 2.6\tex\latex\base\t1enc.dfu"
File: t1enc.dfu 2006/03/30 v1.1i UTF-8 support for inputenc
   defining Unicode char U+00A1 (decimal 161)
   defining Unicode char U+00A3 (decimal 163)
   defining Unicode char U+00AB (decimal 171)
   defining Unicode char U+00BB (decimal 187)
   defining Unicode char U+00BF (decimal 191)
   defining Unicode char U+00C0 (decimal 192)
   defining Unicode char U+00C1 (decimal 193)
   defining Unicode char U+00C2 (decimal 194)
   defining Unicode char U+00C3 (decimal 195)
   defining Unicode char U+00C4 (decimal 196)
   defining Unicode char U+00C5 (decimal 197)
   defining Unicode char U+00C6 (decimal 198)
   defining Unicode char U+00C7 (decimal 199)
   defining Unicode char U+00C8 (decimal 200)
   defining Unicode char U+00C9 (decimal 201)
   defining Unicode char U+00CA (decimal 202)
   defining Unicode char U+00CB (decimal 203)
   defining Unicode char U+00CC (decimal 204)
   defining Unicode char U+00CD (decimal 205)
   defining Unicode char U+00CE (decimal 206)
   defining Unicode char U+00CF (decimal 207)
   defining Unicode char U+00D0 (decimal 208)
   defining Unicode char U+00D1 (decimal 209)
   defining Unicode char U+00D2 (decimal 210)
   defining Unicode char U+00D3 (decimal 211)
   defining Unicode char U+00D4 (decimal 212)
   defining Unicode char U+00D5 (decimal 213)
   defining Unicode char U+00D6 (decimal 214)
   defining Unicode char U+00D8 (decimal 216)
   defining Unicode char U+00D9 (decimal 217)
   defining Unicode char U+00DA (decimal 218)
   defining Unicode char U+00DB (decimal 219)
   defining Unicode char U+00DC (decimal 220)
   defining Unicode char U+00DD (decimal 221)
   defining Unicode char U+00DE (decimal 222)
   defining Unicode char U+00DF (decimal 223)
   defining Unicode char U+00E0 (decimal 224)
   defining Unicode char U+00E1 (decimal 225)
   defining Unicode char U+00E2 (decimal 226)
   defining Unicode char U+00E3 (decimal 227)
   defining Unicode char U+00E4 (decimal 228)
   defining Unicode char U+00E5 (decimal 229)
   defining Unicode char U+00E6 (decimal 230)
   defining Unicode char U+00E7 (decimal 231)
   defining Unicode char U+00E8 (decimal 232)
   defining Unicode char U+00E9 (decimal 233)
   defining Unicode char U+00EA (decimal 234)
   defining Unicode char U+00EB (decimal 235)
   defining Unicode char U+00EC (decimal 236)
   defining Unicode char U+00ED (decimal 237)
   defining Unicode char U+00EE (decimal 238)
   defining Unicode char U+00EF (decimal 239)
   defining Unicode char U+00F0 (decimal 240)
   defining Unicode char U+00F1 (decimal 241)
   defining Unicode char U+00F2 (decimal 242)
   defining Unicode char U+00F3 (decimal 243)
   defining Unicode char U+00F4 (decimal 244)
   defining Unicode char U+00F5 (decimal 245)
   defining Unicode char U+00F6 (decimal 246)
   defining Unicode char U+00F8 (decimal 248)
   defining Unicode char U+00F9 (decimal 249)
   defining Unicode char U+00FA (decimal 250)
   defining Unicode char U+00FB (decimal 251)
   defining Unicode char U+00FC (decimal 252)
   defining Unicode char U+00FD (decimal 253)
   defining Unicode char U+00FE (decimal 254)
   defining Unicode char U+00FF (decimal 255)
   defining Unicode char U+0102 (decimal 258)
   defining Unicode char U+0103 (decimal 259)
   defining Unicode char U+0104 (decimal 260)
   defining Unicode char U+0105 (decimal 261)
   defining Unicode char U+0106 (decimal 262)
   defining Unicode char U+0107 (decimal 263)
   defining Unicode char U+010C (decimal 268)
   defining Unicode char U+010D (decimal 269)
   defining Unicode char U+010E (decimal 270)
   defining Unicode char U+010F (decimal 271)
   defining Unicode char U+0110 (decimal 272)
   defining Unicode char U+0111 (decimal 273)
   defining Unicode char U+0118 (decimal 280)
   defining Unicode char U+0119 (decimal 281)
   defining Unicode char U+011A (decimal 282)
   defining Unicode char U+011B (decimal 283)
   defining Unicode char U+011E (decimal 286)
   defining Unicode char U+011F (decimal 287)
   defining Unicode char U+0130 (decimal 304)
   defining Unicode char U+0131 (decimal 305)
   defining Unicode char U+0132 (decimal 306)
   defining Unicode char U+0133 (decimal 307)
   defining Unicode char U+0139 (decimal 313)
   defining Unicode char U+013A (decimal 314)
   defining Unicode char U+013D (decimal 317)
   defining Unicode char U+013E (decimal 318)
   defining Unicode char U+0141 (decimal 321)
   defining Unicode char U+0142 (decimal 322)
   defining Unicode char U+0143 (decimal 323)
   defining Unicode char U+0144 (decimal 324)
   defining Unicode char U+0147 (decimal 327)
   defining Unicode char U+0148 (decimal 328)
   defining Unicode char U+014A (decimal 330)
   defining Unicode char U+014B (decimal 331)
   defining Unicode char U+0150 (decimal 336)
   defining Unicode char U+0151 (decimal 337)
   defining Unicode char U+0152 (decimal 338)
   defining Unicode char U+0153 (decimal 339)
   defining Unicode char U+0154 (decimal 340)
   defining Unicode char U+0155 (decimal 341)
   defining Unicode char U+0158 (decimal 344)
   defining Unicode char U+0159 (decimal 345)
   defining Unicode char U+015A (decimal 346)
   defining Unicode char U+015B (decimal 347)
   defining Unicode char U+015E (decimal 350)
   defining Unicode char U+015F (decimal 351)
   defining Unicode char U+0160 (decimal 352)
   defining Unicode char U+0161 (decimal 353)
   defining Unicode char U+0162 (decimal 354)
   defining Unicode char U+0163 (decimal 355)
   defining Unicode char U+0164 (decimal 356)
   defining Unicode char U+0165 (decimal 357)
   defining Unicode char U+016E (decimal 366)
   defining Unicode char U+016F (decimal 367)
   defining Unicode char U+0170 (decimal 368)
   defining Unicode char U+0171 (decimal 369)
   defining Unicode char U+0178 (decimal 376)
   defining Unicode char U+0179 (decimal 377)
   defining Unicode char U+017A (decimal 378)
   defining Unicode char U+017B (decimal 379)
   defining Unicode char U+017C (decimal 380)
   defining Unicode char U+017D (decimal 381)
   defining Unicode char U+017E (decimal 382)
   defining Unicode char U+200C (decimal 8204)
   defining Unicode char U+2013 (decimal 8211)
   defining Unicode char U+2014 (decimal 8212)
   defining Unicode char U+2018 (decimal 8216)
   defining Unicode char U+2019 (decimal 8217)
   defining Unicode char U+201A (decimal 8218)
   defining Unicode char U+201C (decimal 8220)
   defining Unicode char U+201D (decimal 8221)
   defining Unicode char U+201E (decimal 8222)
   defining Unicode char U+2030 (decimal 8240)
   defining Unicode char U+2031 (decimal 8241)
   defining Unicode char U+2039 (decimal 8249)
   defining Unicode char U+203A (decimal 8250)
   defining Unicode char U+2423 (decimal 9251)
)
Now handling font encoding OT1 ...
... processing UTF-8 mapping file for font encodingOT1
 ("F:\installed softwares\miktex 2.6\tex\latex\base\ot1enc.dfu"
File: ot1enc.dfu 2006/03/30 v1.1i UTF-8 support for inputenc
   defining Unicode char U+00A1 (decimal 161)
   defining Unicode char U+00A3 (decimal 163)
   defining Unicode char U+00B8 (decimal 184)
   defining Unicode char U+00BF (decimal 191)
   defining Unicode char U+00C5 (decimal 197)
   defining Unicode char U+00C6 (decimal 198)
   defining Unicode char U+00D8 (decimal 216)
   defining Unicode char U+00DF (decimal 223)
   defining Unicode char U+00E6 (decimal 230)
   defining Unicode char U+00EC (decimal 236)
   defining Unicode char U+00ED (decimal 237)
   defining Unicode char U+00EE (decimal 238)
   defining Unicode char U+00EF (decimal 239)
   defining Unicode char U+00F8 (decimal 248)
   defining Unicode char U+0131 (decimal 305)
   defining Unicode char U+0141 (decimal 321)
   defining Unicode char U+0142 (decimal 322)
   defining Unicode char U+0152 (decimal 338)
   defining Unicode char U+0153 (decimal 339)
   defining Unicode char U+2013 (decimal 8211)
   defining Unicode char U+2014 (decimal 8212)
   defining Unicode char U+2018 (decimal 8216)
   defining Unicode char U+2019 (decimal 8217)
   defining Unicode char U+201C (decimal 8220)
   defining Unicode char U+201D (decimal 8221)
)
Now handling font encoding OMS ...
... processing UTF-8 mapping file for font encodingOMS

("F:\installed softwares\miktex 2.6\tex\latex\base\omsenc.dfu"
File: omsenc.dfu 2006/03/30 v1.1i UTF-8 support for inputenc
   defining Unicode char U+00A7 (decimal 167)
   defining Unicode char U+00B6 (decimal 182)
   defining Unicode char U+00B7 (decimal 183)
   defining Unicode char U+2020 (decimal 8224)
   defining Unicode char U+2021 (decimal 8225)
   defining Unicode char U+2022 (decimal 8226)
)
Now handling font encoding OMX ...
... no UTF-8 mapping file for font encoding OMX
Now handling font encoding U ...
... no UTF-8 mapping file for font encoding U
Now handling font encoding PD1 ...
... no UTF-8 mapping file for font encoding PD1
Now handling font encoding MDA ...
... no UTF-8 mapping file for font encoding MDA
Now handling font encoding MDB ...
... no UTF-8 mapping file for font encoding MDB
   defining Unicode char U+00A9 (decimal 169)
   defining Unicode char U+00AA (decimal 170)
   defining Unicode char U+00AE (decimal 174)
   defining Unicode char U+00BA (decimal 186)
   defining Unicode char U+02C6 (decimal 710)
   defining Unicode char U+02DC (decimal 732)
   defining Unicode char U+200C (decimal 8204)
   defining Unicode char U+2026 (decimal 8230)
   defining Unicode char U+2122 (decimal 8482)
   defining Unicode char U+2423 (decimal 9251)
))

Package hyperref Warning: Token not allowed in a PDFDocEncoded string,
(hyperref)                removing `\\' on input line 67.


Package hyperref Warning: Token not allowed in a PDFDocEncoded string,
(hyperref)                removing `\\' on input line 67.

(adpPres.aux)
LaTeX Font Info:    Checking defaults for OML/cmm/m/it on input line 80.
LaTeX Font Info:    ... okay on input line 80.
LaTeX Font Info:    Checking defaults for T1/cmr/m/n on input line 80.
LaTeX Font Info:    ... okay on input line 80.
LaTeX Font Info:    Checking defaults for OT1/cmr/m/n on input line 80.
LaTeX Font Info:    ... okay on input line 80.
LaTeX Font Info:    Checking defaults for OMS/cmsy/m/n on input line 80.
LaTeX Font Info:    ... okay on input line 80.
LaTeX Font Info:    Checking defaults for OMX/cmex/m/n on input line 80.
LaTeX Font Info:    ... okay on input line 80.
LaTeX Font Info:    Checking defaults for U/cmr/m/n on input line 80.
LaTeX Font Info:    ... okay on input line 80.
LaTeX Font Info:    Checking defaults for PD1/pdf/m/n on input line 80.
LaTeX Font Info:    ... okay on input line 80.
LaTeX Font Info:    Checking defaults for MDA/cmr/m/n on input line 80.
LaTeX Font Info:    Try loading font information for MDA+cmr on input line 80.
 ("F:\installed softwares\miktex 2.6\tex\latex\mathdesign\mdacmr.fd"
File: mdacmr.fd 
)
LaTeX Font Info:    ... okay on input line 80.
LaTeX Font Info:    Checking defaults for MDB/cmr/m/n on input line 80.
LaTeX Font Info:    Try loading font information for MDB+cmr on input line 80.

("F:\installed softwares\miktex 2.6\tex\latex\mathdesign\mdbcmr.fd"
File: mdbcmr.fd 
)
LaTeX Font Info:    ... okay on input line 80.

("F:\installed softwares\miktex 2.6\tex\context\base\supp-pdf.tex"
[Loading MPS to PDF converter (version 2006.09.02).]
\scratchcounter=\count164
\scratchdimen=\dimen221
\scratchbox=\box58
\nofMPsegments=\count165
\nofMParguments=\count166
\MPscratchCnt=\count167
\MPscratchDim=\dimen222
\MPnumerator=\count168
\everyMPtoPDFconversion=\toks52
)
-------------------- Geometry parameters
paper: user defined
landscape: --
twocolumn: --
twoside: --
asymmetric: --
h-parts: 8.53581pt, 347.12373pt, 8.53581pt
v-parts: 0.0pt, 273.14662pt, 0.0pt
hmarginratio: --
vmarginratio: --
lines: --
heightrounded: --
bindingoffset: 0.0pt
truedimen: --
includehead: true
includefoot: true
includemp: --
driver: pdftex
-------------------- Page layout dimensions and switches
\paperwidth  364.19536pt
\paperheight 273.14662pt
\textwidth  347.12373pt
\textheight 244.6939pt
\oddsidemargin  -63.73418pt
\evensidemargin -63.73418pt
\topmargin  -72.26999pt
\headheight 14.22636pt
\headsep    0.0pt
\footskip   14.22636pt
\marginparwidth 4.0pt
\marginparsep   10.0pt
\columnsep  10.0pt
\skip\footins  10.0pt plus 4.0pt minus 2.0pt
\hoffset 0.0pt
\voffset 0.0pt
\mag 1000

(1in=72.27pt, 1cm=28.45pt)
-----------------------
Package hyperref Info: Link coloring OFF on input line 80.
 ("F:\installed softwares\miktex 2.6\tex\latex\hyperref\nameref.sty"
Package: nameref 2007/05/29 v2.31 Cross-referencing by name of section

("F:\installed softwares\miktex 2.6\tex\latex\oberdiek\refcount.sty"
Package: refcount 2006/02/20 v3.0 Data extraction from references (HO)
)
\c@section@level=\count169
)
LaTeX Info: Redefining \ref on input line 80.
LaTeX Info: Redefining \pageref on input line 80.
 (adpPres.out) (adpPres.out)
\@outlinefile=\write6
\symnumbers=\mathgroup11
\sympureletters=\mathgroup12
LaTeX Font Info:    Overwriting math alphabet `\mathrm' in version `normal'
(Font)                  OML/mdbch/m/n --> T1/mdbch/m/n on input line 80.
LaTeX Font Info:    Redeclaring math alphabet \mathbf on input line 80.
LaTeX Font Info:    Overwriting math alphabet `\mathbf' in version `normal'
(Font)                  OT1/mdbch/b/n --> T1/mdbch/bx/n on input line 80.
LaTeX Font Info:    Overwriting math alphabet `\mathbf' in version `bold'
(Font)                  OT1/mdbch/b/n --> T1/mdbch/bx/n on input line 80.
LaTeX Font Info:    Redeclaring math alphabet \mathsf on input line 80.
LaTeX Font Info:    Overwriting math alphabet `\mathsf' in version `normal'
(Font)                  OT1/phv/m/n --> T1/phv/m/n on input line 80.
LaTeX Font Info:    Overwriting math alphabet `\mathsf' in version `bold'
(Font)                  OT1/phv/b/n --> T1/phv/m/n on input line 80.
LaTeX Font Info:    Redeclaring math alphabet \mathit on input line 80.
LaTeX Font Info:    Overwriting math alphabet `\mathit' in version `normal'
(Font)                  OT1/mdbch/m/it --> T1/mdbch/m/it on input line 80.
LaTeX Font Info:    Overwriting math alphabet `\mathit' in version `bold'
(Font)                  OT1/mdbch/b/it --> T1/mdbch/m/it on input line 80.
LaTeX Font Info:    Redeclaring math alphabet \mathtt on input line 80.
LaTeX Font Info:    Overwriting math alphabet `\mathtt' in version `normal'
(Font)                  OT1/cmtt/m/n --> T1/cmtt/m/n on input line 80.
LaTeX Font Info:    Overwriting math alphabet `\mathtt' in version `bold'
(Font)                  OT1/cmtt/b/n --> T1/cmtt/m/n on input line 80.
LaTeX Font Info:    Overwriting symbol font `numbers' in version `bold'
(Font)                  T1/mdbch/m/n --> T1/mdbch/bx/n on input line 80.
LaTeX Font Info:    Overwriting symbol font `pureletters' in version `bold'
(Font)                  T1/mdbch/m/it --> T1/mdbch/bx/it on input line 80.
LaTeX Font Info:    Overwriting math alphabet `\mathrm' in version `bold'
(Font)                  OML/mdbch/b/n --> T1/mdbch/bx/n on input line 80.
LaTeX Font Info:    Overwriting math alphabet `\mathbf' in version `bold'
(Font)                  T1/mdbch/bx/n --> T1/mdbch/bx/n on input line 80.
LaTeX Font Info:    Overwriting math alphabet `\mathsf' in version `bold'
(Font)                  T1/phv/m/n --> T1/phv/bx/n on input line 80.
LaTeX Font Info:    Overwriting math alphabet `\mathit' in version `bold'
(Font)                  T1/mdbch/m/it --> T1/mdbch/bx/it on input line 80.
LaTeX Font Info:    Overwriting math alphabet `\mathtt' in version `bold'
(Font)                  T1/cmtt/m/n --> T1/cmtt/bx/n on input line 80.


Package mathdesign/mdbch Warning: Package 'amssymb' shouldn't be used in conjonction with package mdbch, on input line 8
0.


Package mathdesign/mdbch Warning: Package 'amsfonts' shouldn't be used in conjonction with package mdbch, on input line 
80.

(adpPres.nav)
LaTeX Font Info:    Font shape `T1/mdbch/m/n' will be
(Font)              scaled to size 5.76004pt on input line 80.
LaTeX Font Info:    Font shape `T1/mdbch/m/n' will be
(Font)              scaled to size 13.82408pt on input line 86.
LaTeX Font Info:    Font shape `T1/mdbch/m/n' will be
(Font)              scaled to size 9.60007pt on input line 86.
LaTeX Font Info:    Font shape `T1/mdbch/m/n' will be
(Font)              scaled to size 7.68005pt on input line 86.
 <figures/mas_logo.pdf, id=12, 1549.79pt x 697.60625pt>
File: figures/mas_logo.pdf Graphic file (type pdf)
 <use figures/mas_logo.pdf>
<figures/iitmandi-logo.pdf, id=13, 303.534pt x 205.9695pt>
File: figures/iitmandi-logo.pdf Graphic file (type pdf)
 <use figures/iitmandi-logo.pdf>
LaTeX Font Info:    Font shape `T1/mdbch/m/n' will be
(Font)              scaled to size 3.84003pt on input line 86.
 [1

{psfonts.map} <figures/mas_logo.pdf> <figures/iitmandi-logo.pdf>] <figures/parakeet.jpg, id=34, 642.4pt x 428.60126pt>
File: figures/parakeet.jpg Graphic file (type jpg)
 <use figures/parakeet.jpg>
File: figures/mas_logo.pdf Graphic file (type pdf)

<use figures/mas_logo.pdf> [2

 <figures/parakeet.jpg>]
File: figures/mas_logo.pdf Graphic file (type pdf)
 <use figures/mas_logo.pdf> [3

]
File: figures/mas_logo.pdf Graphic file (type pdf)
 <use figures/mas_logo.pdf> [4

]
File: figures/mas_logo.pdf Graphic file (type pdf)

<use figures/mas_logo.pdf> [5

]
File: figures/mas_logo.pdf Graphic file (type pdf)
 <use figures/mas_logo.pdf> [6

]
File: figures/mas_logo.pdf Graphic file (type pdf)
 <use figures/mas_logo.pdf> [7

]
File: figures/mas_logo.pdf Graphic file (type pdf)
 <use figures/mas_logo.pdf>
[8

]
File: figures/mas_logo.pdf Graphic file (type pdf)
 <use figures/mas_logo.pdf> [9

]
File: figures/mas_logo.pdf Graphic file (type pdf)
 <use figures/mas_logo.pdf> [10

]
File: figures/mas_logo.pdf Graphic file (type pdf)
 <use figures/mas_logo.pdf> [11

]
File: figures/mas_logo.pdf Graphic file (type pdf)

<use figures/mas_logo.pdf> [12

]
File: figures/mas_logo.pdf Graphic file (type pdf)
 <use figures/mas_logo.pdf> [13

]
File: figures/mas_logo.pdf Graphic file (type pdf)
 <use figures/mas_logo.pdf> [14

]
File: figures/mas_logo.pdf Graphic file (type pdf)

<use figures/mas_logo.pdf> [15

]
File: figures/mas_logo.pdf Graphic file (type pdf)
 <use figures/mas_logo.pdf> [16

]
LaTeX Font Info:    Font shape `OT1/mdbch/m/n' will be
(Font)              scaled to size 5.76004pt on input line 167.
LaTeX Font Info:    Font shape `OT1/mdbch/m/n' will be
(Font)              scaled to size 4.80003pt on input line 167.
LaTeX Font Info:    Try loading font information for OML+mdbch on input line 167.

("F:\installed softwares\miktex 2.6\tex\latex\mathdesign\mdbch\omlmdbch.fd"
File: omlmdbch.fd 2006/01/28 Fontinst v1.928 font definitions for OML/mdbch.
)
LaTeX Font Info:    Font shape `OML/mdbch/m/it' will be
(Font)              scaled to size 5.76004pt on input line 167.
LaTeX Font Info:    Font shape `OML/mdbch/m/it' will be
(Font)              scaled to size 4.80003pt on input line 167.
LaTeX Font Info:    Try loading font information for OMS+mdbch on input line 167.

("F:\installed softwares\miktex 2.6\tex\latex\mathdesign\mdbch\omsmdbch.fd"
File: omsmdbch.fd 2006/01/28 Fontinst v1.928 font definitions for OMS/mdbch.
)
LaTeX Font Info:    Font shape `OMS/mdbch/m/n' will be
(Font)              scaled to size 5.76004pt on input line 167.
LaTeX Font Info:    Font shape `OMS/mdbch/m/n' will be
(Font)              scaled to size 4.80003pt on input line 167.
LaTeX Font Info:    Try loading font information for OMX+mdbch on input line 167.

("F:\installed softwares\miktex 2.6\tex\latex\mathdesign\mdbch\omxmdbch.fd"
File: omxmdbch.fd 2006/01/28 Fontinst v1.928 font definitions for OMX/mdbch.
)
LaTeX Font Info:    Font shape `OMX/mdbch/m/n' will be
(Font)              scaled to size 5.76004pt on input line 167.
LaTeX Font Info:    Font shape `OMX/mdbch/m/n' will be
(Font)              scaled to size 4.80003pt on input line 167.
LaTeX Font Info:    Try loading font information for U+msa on input line 167.

("F:\installed softwares\miktex 2.6\tex\latex\amsfonts\umsa.fd"
File: umsa.fd 2002/01/19 v2.2g AMS font definitions
)
LaTeX Font Info:    Try loading font information for U+msb on input line 167.

("F:\installed softwares\miktex 2.6\tex\latex\amsfonts\umsb.fd"
File: umsb.fd 2002/01/19 v2.2g AMS font definitions
)
LaTeX Font Info:    Font shape `OML/mdbch/m/n' will be
(Font)              scaled to size 5.76004pt on input line 167.
LaTeX Font Info:    Font shape `OML/mdbch/m/n' will be
(Font)              scaled to size 4.80003pt on input line 167.
LaTeX Font Info:    Try loading font information for MDA+mdbch on input line 167.

("F:\installed softwares\miktex 2.6\tex\latex\mathdesign\mdbch\mdamdbch.fd"
File: mdamdbch.fd 2006/01/28 Fontinst v1.928 font definitions for MDA/mdbch.
)
LaTeX Font Info:    Font shape `MDA/mdbch/m/n' will be
(Font)              scaled to size 5.76004pt on input line 167.
LaTeX Font Info:    Font shape `MDA/mdbch/m/n' will be
(Font)              scaled to size 4.80003pt on input line 167.
LaTeX Font Info:    Try loading font information for MDB+mdbch on input line 167.

("F:\installed softwares\miktex 2.6\tex\latex\mathdesign\mdbch\mdbmdbch.fd"
File: mdbmdbch.fd 2006/01/28 Fontinst v1.928 font definitions for MDB/mdbch.
)
LaTeX Font Info:    Font shape `MDB/mdbch/m/n' will be
(Font)              scaled to size 5.76004pt on input line 167.
LaTeX Font Info:    Font shape `MDB/mdbch/m/n' will be
(Font)              scaled to size 4.80003pt on input line 167.
LaTeX Font Info:    Font shape `T1/mdbch/m/n' will be
(Font)              scaled to size 4.80003pt on input line 167.
LaTeX Font Info:    Font shape `T1/mdbch/m/it' will be
(Font)              scaled to size 5.76004pt on input line 167.
LaTeX Font Info:    Font shape `T1/mdbch/m/it' will be
(Font)              scaled to size 4.80003pt on input line 167.
File: figures/mas_logo.pdf Graphic file (type pdf)
 <use figures/mas_logo.pdf> [17

]
File: figures/mas_logo.pdf Graphic file (type pdf)

<use figures/mas_logo.pdf> [18

]
File: figures/mas_logo.pdf Graphic file (type pdf)
 <use figures/mas_logo.pdf> [19

]
File: figures/mas_logo.pdf Graphic file (type pdf)
 <use figures/mas_logo.pdf> [20

]
File: figures/mas_logo.pdf Graphic file (type pdf)

<use figures/mas_logo.pdf> [21

]
File: figures/mas_logo.pdf Graphic file (type pdf)
 <use figures/mas_logo.pdf> [22

]
File: figures/mas_logo.pdf Graphic file (type pdf)
 <use figures/mas_logo.pdf> [23

]
File: figures/mas_logo.pdf Graphic file (type pdf)

<use figures/mas_logo.pdf> [24

]
File: figures/mas_logo.pdf Graphic file (type pdf)
 <use figures/mas_logo.pdf> [25

]
File: figures/mas_logo.pdf Graphic file (type pdf)
 <use figures/mas_logo.pdf> [26

]
File: figures/mas_logo.pdf Graphic file (type pdf)

<use figures/mas_logo.pdf> [27

]
File: figures/mas_logo.pdf Graphic file (type pdf)
 <use figures/mas_logo.pdf> [28

]
File: figures/mas_logo.pdf Graphic file (type pdf)
 <use figures/mas_logo.pdf> [29

]
File: figures/mas_logo.pdf Graphic file (type pdf)

<use figures/mas_logo.pdf> [30

]
File: figures/mas_logo.pdf Graphic file (type pdf)
 <use figures/mas_logo.pdf> [31

]
File: figures/mas_logo.pdf Graphic file (type pdf)
 <use figures/mas_logo.pdf> [32

]
File: figures/mas_logo.pdf Graphic file (type pdf)

<use figures/mas_logo.pdf> [33

]
File: figures/mas_logo.pdf Graphic file (type pdf)
 <use figures/mas_logo.pdf> [34

]
LaTeX Font Info:    Font shape `OT1/mdbch/m/n' will be
(Font)              scaled to size 9.60007pt on input line 192.
LaTeX Font Info:    Font shape `OT1/mdbch/m/n' will be
(Font)              scaled to size 6.72005pt on input line 192.
LaTeX Font Info:    Font shape `OML/mdbch/m/it' will be
(Font)              scaled to size 9.60007pt on input line 192.
LaTeX Font Info:    Font shape `OML/mdbch/m/it' will be
(Font)              scaled to size 6.72005pt on input line 192.
LaTeX Font Info:    Font shape `OMS/mdbch/m/n' will be
(Font)              scaled to size 9.60007pt on input line 192.
LaTeX Font Info:    Font shape `OMS/mdbch/m/n' will be
(Font)              scaled to size 6.72005pt on input line 192.
LaTeX Font Info:    Font shape `OMX/mdbch/m/n' will be
(Font)              scaled to size 9.60007pt on input line 192.
LaTeX Font Info:    Font shape `OMX/mdbch/m/n' will be
(Font)              scaled to size 6.72005pt on input line 192.
LaTeX Font Info:    Font shape `OML/mdbch/m/n' will be
(Font)              scaled to size 9.60007pt on input line 192.
LaTeX Font Info:    Font shape `OML/mdbch/m/n' will be
(Font)              scaled to size 6.72005pt on input line 192.
LaTeX Font Info:    Font shape `MDA/mdbch/m/n' will be
(Font)              scaled to size 9.60007pt on input line 192.
LaTeX Font Info:    Font shape `MDA/mdbch/m/n' will be
(Font)              scaled to size 6.72005pt on input line 192.
LaTeX Font Info:    Font shape `MDB/mdbch/m/n' will be
(Font)              scaled to size 9.60007pt on input line 192.
LaTeX Font Info:    Font shape `MDB/mdbch/m/n' will be
(Font)              scaled to size 6.72005pt on input line 192.
LaTeX Font Info:    Font shape `T1/mdbch/m/n' will be
(Font)              scaled to size 6.72005pt on input line 192.
LaTeX Font Info:    Font shape `T1/mdbch/m/it' will be
(Font)              scaled to size 9.60007pt on input line 192.
LaTeX Font Info:    Font shape `T1/mdbch/m/it' will be
(Font)              scaled to size 6.72005pt on input line 192.
LaTeX Font Info:    Font shape `OT1/mdbch/m/n' will be
(Font)              scaled to size 7.68005pt on input line 192.
LaTeX Font Info:    Font shape `OML/mdbch/m/it' will be
(Font)              scaled to size 7.68005pt on input line 192.
LaTeX Font Info:    Font shape `OMS/mdbch/m/n' will be
(Font)              scaled to size 7.68005pt on input line 192.
LaTeX Font Info:    Font shape `OMX/mdbch/m/n' will be
(Font)              scaled to size 7.68005pt on input line 192.
LaTeX Font Info:    Font shape `OML/mdbch/m/n' will be
(Font)              scaled to size 7.68005pt on input line 192.
LaTeX Font Info:    Font shape `MDA/mdbch/m/n' will be
(Font)              scaled to size 7.68005pt on input line 192.
LaTeX Font Info:    Font shape `MDB/mdbch/m/n' will be
(Font)              scaled to size 7.68005pt on input line 192.
LaTeX Font Info:    Font shape `T1/mdbch/m/it' will be
(Font)              scaled to size 7.68005pt on input line 192.
File: figures/mas_logo.pdf Graphic file (type pdf)
 <use figures/mas_logo.pdf> [35

]
File: figures/mas_logo.pdf Graphic file (type pdf)

<use figures/mas_logo.pdf> [36

]
File: figures/mas_logo.pdf Graphic file (type pdf)
 <use figures/mas_logo.pdf> [37

]
File: figures/mas_logo.pdf Graphic file (type pdf)
 <use figures/mas_logo.pdf> [38

]
LaTeX Font Info:    Font shape `OML/mdbch/m/it' will be
(Font)              scaled to size 10.51207pt on input line 209.
LaTeX Font Info:    Font shape `OMS/mdbch/m/n' will be
(Font)              scaled to size 10.51207pt on input line 209.
LaTeX Font Info:    Font shape `OMX/mdbch/m/n' will be
(Font)              scaled to size 10.51207pt on input line 209.
LaTeX Font Info:    Font shape `OML/mdbch/m/n' will be
(Font)              scaled to size 10.51207pt on input line 209.
LaTeX Font Info:    Font shape `MDA/mdbch/m/n' will be
(Font)              scaled to size 10.51207pt on input line 209.
LaTeX Font Info:    Font shape `MDB/mdbch/m/n' will be
(Font)              scaled to size 10.51207pt on input line 209.
LaTeX Font Info:    Font shape `T1/mdbch/m/it' will be
(Font)              scaled to size 10.51207pt on input line 209.
LaTeX Font Info:    Font shape `T1/mdbch/bx/n' in size <10.95> not available
(Font)              Font shape `T1/mdbch/b/n' tried instead on input line 209.
LaTeX Font Info:    Font shape `T1/mdbch/b/n' will be
(Font)              scaled to size 10.51207pt on input line 209.
LaTeX Font Info:    Font shape `T1/mdbch/bx/n' in size <8> not available
(Font)              Font shape `T1/mdbch/b/n' tried instead on input line 209.
LaTeX Font Info:    Font shape `T1/mdbch/b/n' will be
(Font)              scaled to size 7.68005pt on input line 209.
LaTeX Font Info:    Font shape `T1/mdbch/bx/n' in size <6> not available
(Font)              Font shape `T1/mdbch/b/n' tried instead on input line 209.
LaTeX Font Info:    Font shape `T1/mdbch/b/n' will be
(Font)              scaled to size 5.76004pt on input line 209.
LaTeX Font Info:    Font shape `T1/mdbch/bx/n' in size <5> not available
(Font)              Font shape `T1/mdbch/b/n' tried instead on input line 209.
LaTeX Font Info:    Font shape `T1/mdbch/b/n' will be
(Font)              scaled to size 4.80003pt on input line 209.
LaTeX Font Info:    Font shape `T1/mdbch/bx/n' in size <10> not available
(Font)              Font shape `T1/mdbch/b/n' tried instead on input line 209.
LaTeX Font Info:    Font shape `T1/mdbch/b/n' will be
(Font)              scaled to size 9.60007pt on input line 209.
LaTeX Font Info:    Font shape `T1/mdbch/bx/n' in size <7> not available
(Font)              Font shape `T1/mdbch/b/n' tried instead on input line 209.
LaTeX Font Info:    Font shape `T1/mdbch/b/n' will be
(Font)              scaled to size 6.72005pt on input line 209.
File: figures/mas_logo.pdf Graphic file (type pdf)

<use figures/mas_logo.pdf> [39

]
File: figures/mas_logo.pdf Graphic file (type pdf)
 <use figures/mas_logo.pdf> [40

]
File: figures/mas_logo.pdf Graphic file (type pdf)
 <use figures/mas_logo.pdf> [41

]
File: figures/mas_logo.pdf Graphic file (type pdf)

<use figures/mas_logo.pdf> [42

]
File: figures/mas_logo.pdf Graphic file (type pdf)
 <use figures/mas_logo.pdf> [43

]
File: figures/mas_logo.pdf Graphic file (type pdf)
 <use figures/mas_logo.pdf> [44

]
File: figures/mas_logo.pdf Graphic file (type pdf)

<use figures/mas_logo.pdf> [45

]
File: figures/mas_logo.pdf Graphic file (type pdf)
 <use figures/mas_logo.pdf> [46

]
File: figures/mas_logo.pdf Graphic file (type pdf)
 <use figures/mas_logo.pdf> [47

]
File: figures/mas_logo.pdf Graphic file (type pdf)

<use figures/mas_logo.pdf> [48

]
File: figures/mas_logo.pdf Graphic file (type pdf)
 <use figures/mas_logo.pdf> [49

]
File: figures/mas_logo.pdf Graphic file (type pdf)
 <use figures/mas_logo.pdf> [50

]
File: figures/mas_logo.pdf Graphic file (type pdf)

<use figures/mas_logo.pdf> [51

] <figures/collage.png, id=350, 642.4pt x 321.2pt>
File: figures/collage.png Graphic file (type png)
 <use figures/collage.png>
<figures/bird_points.png, id=351, 118.4425pt x 128.48pt>
File: figures/bird_points.png Graphic file (type png)
 <use figures/bird_points.png>
<figures/bird_templates.png, id=352, 261.97874pt x 150.5625pt>
File: figures/bird_templates.png Graphic file (type png)
 <use figures/bird_templates.png>
File: figures/mas_logo.pdf Graphic file (type pdf)

<use figures/mas_logo.pdf> [52

 <figures/collage.png (PNG copy)> <figures/bird_points.png (PNG copy)> <figures/bird_templates.png (PNG copy)>]
File: figures/collage.png Graphic file (type png)
 <use figures/collage.png>
File: figures/bird_points.png Graphic file (type png)
 <use figures/bird_points.png>
File: figures/bird_templates.png Graphic file (type png)
 <use figures/bird_templates.png>
File: figures/mas_logo.pdf Graphic file (type pdf)

<use figures/mas_logo.pdf> [53

]
File: figures/collage.png Graphic file (type png)
 <use figures/collage.png>
File: figures/bird_points.png Graphic file (type png)
 <use figures/bird_points.png>
File: figures/bird_templates.png Graphic file (type png)

<use figures/bird_templates.png>
File: figures/mas_logo.pdf Graphic file (type pdf)
 <use figures/mas_logo.pdf> [54

]
File: figures/collage.png Graphic file (type png)
 <use figures/collage.png>
File: figures/bird_points.png Graphic file (type png)

<use figures/bird_points.png>
File: figures/bird_templates.png Graphic file (type png)
 <use figures/bird_templates.png> <figures/cam.png, id=371, 357.335pt x 258.9675pt>
File: figures/cam.png Graphic file (type png)

<use figures/cam.png> <figures/detect.png, id=372, 356.33125pt x 251.94125pt>
File: figures/detect.png Graphic file (type png)
 <use figures/detect.png>
Overfull \vbox (7.01085pt too high) detected at line 260
 []

File: figures/mas_logo.pdf Graphic file (type pdf)
<use figures/mas_logo.pdf> [55

 <figures/cam.png (PNG copy)> <figures/detect.png (PNG copy)>]
File: figures/mas_logo.pdf Graphic file (type pdf)
 <use figures/mas_logo.pdf>
[56

]
File: figures/mas_logo.pdf Graphic file (type pdf)
 <use figures/mas_logo.pdf> [57

]
File: figures/mas_logo.pdf Graphic file (type pdf)
 <use figures/mas_logo.pdf> [58

]
File: figures/mas_logo.pdf Graphic file (type pdf)
 <use figures/mas_logo.pdf> [59

]
<figures/songMeter.png, id=404, 401.5pt x 431.6125pt>
File: figures/songMeter.png Graphic file (type png)
 <use figures/songMeter.png>
<figures/pan_cam.png, id=405, 337.26pt x 186.6975pt>
File: figures/pan_cam.png Graphic file (type png)
 <use figures/pan_cam.png>
<figures/rasp.jpg, id=406, 1927.2pt x 1291.82625pt>
File: figures/rasp.jpg Graphic file (type jpg)
 <use figures/rasp.jpg>
File: figures/mas_logo.pdf Graphic file (type pdf)
 <use figures/mas_logo.pdf> [60

 <figures/songMeter.png> <figures/pan_cam.png (PNG copy)> <figures/rasp.jpg>]
File: figures/mas_logo.pdf Graphic file (type pdf)
 <use figures/mas_logo.pdf> [61

]
File: figures/mas_logo.pdf Graphic file (type pdf)

<use figures/mas_logo.pdf> [62

]
File: figures/mas_logo.pdf Graphic file (type pdf)
 <use figures/mas_logo.pdf> [63

]
File: figures/mas_logo.pdf Graphic file (type pdf)
 <use figures/mas_logo.pdf> [64

]
File: figures/mas_logo.pdf Graphic file (type pdf)

<use figures/mas_logo.pdf> [65

]
File: figures/mas_logo.pdf Graphic file (type pdf)
 <use figures/mas_logo.pdf> [66

]
File: figures/mas_logo.pdf Graphic file (type pdf)
 <use figures/mas_logo.pdf> [67

]
File: figures/mas_logo.pdf Graphic file (type pdf)

<use figures/mas_logo.pdf> [68

]
File: figures/mas_logo.pdf Graphic file (type pdf)
 <use figures/mas_logo.pdf> [69

]
File: figures/mas_logo.pdf Graphic file (type pdf)
 <use figures/mas_logo.pdf> [70

]
File: figures/mas_logo.pdf Graphic file (type pdf)

<use figures/mas_logo.pdf> [71

]
File: figures/mas_logo.pdf Graphic file (type pdf)
 <use figures/mas_logo.pdf> [72

]
File: figures/mas_logo.pdf Graphic file (type pdf)
 <use figures/mas_logo.pdf> [73

]
File: figures/mas_logo.pdf Graphic file (type pdf)

<use figures/mas_logo.pdf> [74

]
File: figures/mas_logo.pdf Graphic file (type pdf)
 <use figures/mas_logo.pdf> [75

]
File: figures/mas_logo.pdf Graphic file (type pdf)
 <use figures/mas_logo.pdf> [76

]
File: figures/mas_logo.pdf Graphic file (type pdf)

<use figures/mas_logo.pdf> [77

]
File: figures/mas_logo.pdf Graphic file (type pdf)
 <use figures/mas_logo.pdf> [78

]
File: figures/mas_logo.pdf Graphic file (type pdf)
 <use figures/mas_logo.pdf> [79

]
File: figures/mas_logo.pdf Graphic file (type pdf)

<use figures/mas_logo.pdf> [80

]
File: figures/mas_logo.pdf Graphic file (type pdf)
 <use figures/mas_logo.pdf> [81

]
File: figures/mas_logo.pdf Graphic file (type pdf)
 <use figures/mas_logo.pdf> [82

]
File: figures/mas_logo.pdf Graphic file (type pdf)

<use figures/mas_logo.pdf> [83

]
\tf@nav=\write7
\tf@toc=\write8
\tf@snm=\write9
 (adpPres.aux)

LaTeX Warning: Label(s) may have changed. Rerun to get cross-references right.

 ) 
Here is how much of TeX's memory you used:
 17481 strings out of 95295
 273217 string characters out of 1184724
 360118 words of memory out of 1355626
 19306 multiletter control sequences out of 60000
 75728 words of font info for 117 fonts, out of 1000000 for 2000
 14 hyphenation exceptions out of 8191
 41i,15n,59p,395b,753s stack positions out of 5000i,500n,10000p,200000b,32768s
{texnansi.enc}<F:/installed softwares/miktex 2.6/fonts/type1/bitstrea/charter/bchb8a.pfb><F:/installed softwares/mikte
x 2.6/fonts/type1/bitstrea/charter/bchr8a.pfb><F:/installed softwares/miktex 2.6/fonts/type1/bitstrea/charter/bchri8a.pf
b><F:/installed softwares/miktex 2.6/fonts/type1/mathdesign/mdbch/md-chr7y.pfb><F:/installed softwares/miktex 2.6/fonts/
type1/mathdesign/mdbch/md-chr8t.pfb><F:/installed softwares/miktex 2.6/fonts/type1/mathdesign/mdbch/md-chrma.pfb>
Output written on adpPres.pdf (83 pages, 2719571 bytes).
PDF statistics:
 618 PDF objects out of 300000 (max. 8388607)
 169 named destinations out of 300000 (max. 131072)
 104 words of extra memory for PDF output out of 65536 (max. 10000000)

